[debug] [2024-06-04T03:53:32.556Z] ----------------------------------------------------------------------
[debug] [2024-06-04T03:53:32.557Z] Command:       C:\Program Files\nodejs\node.exe C:\Users\haochl5\AppData\Roaming\npm\node_modules\firebase-tools\lib\bin\firebase.js init
[debug] [2024-06-04T03:53:32.557Z] CLI Version:   13.10.2
[debug] [2024-06-04T03:53:32.558Z] Platform:      win32
[debug] [2024-06-04T03:53:32.558Z] Node Version:  v20.12.2
[debug] [2024-06-04T03:53:32.558Z] Time:          Mon Jun 03 2024 20:53:32 GMT-0700 (Pacific Daylight Time)
[debug] [2024-06-04T03:53:32.558Z] ----------------------------------------------------------------------
[debug] 
[debug] [2024-06-04T03:53:32.606Z] > command requires scopes: ["email","openid","https://www.googleapis.com/auth/cloudplatformprojects.readonly","https://www.googleapis.com/auth/firebase","https://www.googleapis.com/auth/cloud-platform"]
[debug] [2024-06-04T03:53:32.607Z] > authorizing via signed-in user (haochl5@uw.edu)
[info] 
     ######## #### ########  ######## ########     ###     ######  ########
     ##        ##  ##     ## ##       ##     ##  ##   ##  ##       ##
     ######    ##  ########  ######   ########  #########  ######  ######
     ##        ##  ##    ##  ##       ##     ## ##     ##       ## ##
     ##       #### ##     ## ######## ########  ##     ##  ######  ########

You're about to initialize a Firebase project in this directory:

  C:\Users\haochl5\OneDrive - UW\INFO340\project-nameless

Before we get started, keep in mind:

  * You are initializing within an existing Firebase project directory

[info] 
=== Project Setup
[info] 
[info] First, let's associate this project directory with a Firebase project.
[info] You can create multiple project aliases by running firebase use --add, 
[info] but for now we'll just set up a default project.
[info] 
[debug] [2024-06-04T03:54:28.828Z] Using project from CLI flag: project-nameless-8f4df
[debug] [2024-06-04T03:54:28.829Z] >>> [apiv2][query] GET https://firebase.googleapis.com/v1beta1/projects/project-nameless-8f4df [none]
[debug] [2024-06-04T03:54:29.012Z] <<< [apiv2][status] GET https://firebase.googleapis.com/v1beta1/projects/project-nameless-8f4df 200
[debug] [2024-06-04T03:54:29.012Z] <<< [apiv2][body] GET https://firebase.googleapis.com/v1beta1/projects/project-nameless-8f4df {"projectId":"project-nameless-8f4df","projectNumber":"1026899816847","displayName":"project-nameless","name":"projects/project-nameless-8f4df","resources":{"hostingSite":"project-nameless-8f4df","realtimeDatabaseInstance":"project-nameless-8f4df-default-rtdb"},"state":"ACTIVE","etag":"1_cccd0a9b-929e-4304-87c8-2a2fb372bee9"}
[info] i  Using project project-nameless-8f4df (project-nameless) 
[info] 
=== Hosting Setup
[debug] [2024-06-04T03:54:29.018Z] >>> [apiv2][query] GET https://firebase.googleapis.com/v1beta1/projects/project-nameless-8f4df [none]
[debug] [2024-06-04T03:54:29.103Z] <<< [apiv2][status] GET https://firebase.googleapis.com/v1beta1/projects/project-nameless-8f4df 200
[debug] [2024-06-04T03:54:29.103Z] <<< [apiv2][body] GET https://firebase.googleapis.com/v1beta1/projects/project-nameless-8f4df {"projectId":"project-nameless-8f4df","projectNumber":"1026899816847","displayName":"project-nameless","name":"projects/project-nameless-8f4df","resources":{"hostingSite":"project-nameless-8f4df","realtimeDatabaseInstance":"project-nameless-8f4df-default-rtdb"},"state":"ACTIVE","etag":"1_cccd0a9b-929e-4304-87c8-2a2fb372bee9"}
[info] 
[info] Your public directory is the folder (relative to your project directory) that
[info] will contain Hosting assets to be uploaded with firebase deploy. If you
[info] have a build process for your assets, use your build's output directory.
[info] 
[debug] [2024-06-04T03:54:56.954Z] >>> [apiv2][query] GET https://www.gstatic.com/firebasejs/releases.json [none]
[debug] [2024-06-04T03:54:56.992Z] <<< [apiv2][status] GET https://www.gstatic.com/firebasejs/releases.json 200
[debug] [2024-06-04T03:54:56.992Z] <<< [apiv2][body] GET https://www.gstatic.com/firebasejs/releases.json {"current":{"version":"10.12.2","browserURL":"https://www.gstatic.com/firebasejs/10.12.2/firebase.js","packageURL":"https://www.gstatic.com/firebasejs/10.12.2/firebase.tgz"},"live":{"version":"10.12","browserURL":"https://www.gstatic.com/firebasejs/live/10.12/firebase.js","packageURL":"https://www.gstatic.com/firebasejs/live/10.12/firebase.tgz"},"components":{"analytics":"https://www.gstatic.com/firebasejs/10.12.2/firebase-analytics.js","app":"https://www.gstatic.com/firebasejs/10.12.2/firebase-app.js","app-check":"https://www.gstatic.com/firebasejs/10.12.2/firebase-app-check.js","auth":"https://www.gstatic.com/firebasejs/10.12.2/firebase-auth.js","auth/cordova":"https://www.gstatic.com/firebasejs/10.12.2/firebase-auth/cordova.js","auth/web-extension":"https://www.gstatic.com/firebasejs/10.12.2/firebase-auth/web-extension.js","functions":"https://www.gstatic.com/firebasejs/10.12.2/firebase-functions.js","firestore":"https://www.gstatic.com/firebasejs/10.12.2/firebase-firestore.js","firestore/lite":"https://www.gstatic.com/firebasejs/10.12.2/firebase-firestore/lite.js","installations":"https://www.gstatic.com/firebasejs/10.12.2/firebase-installations.js","storage":"https://www.gstatic.com/firebasejs/10.12.2/firebase-storage.js","performance":"https://www.gstatic.com/firebasejs/10.12.2/firebase-performance.js","remote-config":"https://www.gstatic.com/firebasejs/10.12.2/firebase-remote-config.js","messaging":"https://www.gstatic.com/firebasejs/10.12.2/firebase-messaging.js","messaging/sw":"https://www.gstatic.com/firebasejs/10.12.2/firebase-messaging/sw.js","database":"https://www.gstatic.com/firebasejs/10.12.2/firebase-database.js","vertexai-preview":"https://www.gstatic.com/firebasejs/10.12.2/firebase-vertexai-preview.js","firestore.memory":"https://www.gstatic.com/firebasejs/10.12.2/firebase-firestore.memory.js"}}
